[Cache] Redis connected
Loaded database config from db_config.json
Connected to MariaDB database (pool) at bronx-bronx.f.aivencloud.com:14629/bronxbot
Dashboard tables verified/created
🚀 Initializing real-time monitoring...
Dashboard server running on port 3000
Access dashboard at: http://localhost:3000
WebSocket server ready for real-time updates
Cache: Redis
Auth check - Session ID: UYLnrJuNKJaSeAe4pQoOrnmPp0cH5AFK, Has user: false
Auth check - Session ID: UYLnrJuNKJaSeAe4pQoOrnmPp0cH5AFK, Has user: false
✓ User siqnole authenticated with access to 10 servers
Session ID: UYLnrJuNKJaSeAe4pQoOrnmPp0cH5AFK, Cookie: {"originalMaxAge":86400000,"expires":"2026-03-15T04:15:26.693Z","secure":false,"httpOnly":true,"path":"/","sameSite":"lax"}
Auth check - Session ID: UYLnrJuNKJaSeAe4pQoOrnmPp0cH5AFK, Has user: true
Auth check - Session ID: UYLnrJuNKJaSeAe4pQoOrnmPp0cH5AFK, Has user: true
🌐 Client connected. Total clients: 1
Client joined server room: 1259717095382319215
🔌 Client disconnected. Total clients: 0
Auth check - Session ID: UYLnrJuNKJaSeAe4pQoOrnmPp0cH5AFK, Has user: true
🌐 Client connected. Total clients: 1
Client joined server room: 1259717095382319215
[Keep-alive] Database ping successful
